<?xml version="1.0" encoding="UTF-8"?>
<!-- Generated by org.testng.reporters.JUnitReportReporter -->
<testsuite hostname="DESKTOP-IAMN1KL" failures="0" tests="4" name="runner.CucumberRunnerTests" time="159.832" errors="0" timestamp="2025-05-28T16:37:11 IST" skipped="0">
  <testcase classname="runner.CucumberRunnerTests" name="runScenario" time="39.194"/>
  <system-out/>
  <testcase classname="runner.CucumberRunnerTests" name="runScenario" time="42.653"/>
  <system-out/>
  <testcase classname="runner.CucumberRunnerTests" name="runScenario" time="41.323"/>
  <system-out/>
  <testcase classname="runner.CucumberRunnerTests" name="runScenario" time="36.662"/>
  <system-out/>
</testsuite> <!-- runner.CucumberRunnerTests -->
